[2015-06-18 15:00:33,456] INFO [ConsumerCoordinator 0]: Preparing to rebalance group uhhhhh generation 1 (kafka.coordinator.ConsumerCoordinator)
[2015-06-18 15:00:33,456] INFO [ConsumerCoordinator 0]: Rebalancing group uhhhhh generation 1 (kafka.coordinator.ConsumerCoordinator)
[2015-06-18 15:00:33,457] INFO [ConsumerCoordinator 0]: Stabilized group uhhhhh generation 1 (kafka.coordinator.ConsumerCoordinator)
[2015-06-18 15:01:03,461] INFO [ConsumerCoordinator 0]: Preparing to rebalance group uhhhhh generation 2 (kafka.coordinator.ConsumerCoordinator)
[2015-06-18 15:01:03,461] INFO [ConsumerCoordinator 0]: Group uhhhhh generation 2 is dead and removed (kafka.coordinator.ConsumerCoordinator)
[2015-06-18 15:01:08,006] INFO [Kafka Server 0], shutting down (kafka.server.KafkaServer)
[2015-06-18 15:01:08,007] INFO [Kafka Server 0], Starting controlled shutdown (kafka.server.KafkaServer)
[2015-06-18 15:01:08,028] INFO [Kafka Server 0], Controlled shutdown succeeded (kafka.server.KafkaServer)
[2015-06-18 15:01:08,030] INFO [Socket Server on Broker 0], Shutting down (kafka.network.SocketServer)
[2015-06-18 15:01:08,034] INFO [Socket Server on Broker 0], Shutdown completed (kafka.network.SocketServer)
[2015-06-18 15:01:08,034] INFO [Kafka Request Handler on Broker 0], shutting down (kafka.server.KafkaRequestHandlerPool)
[2015-06-18 15:01:08,035] INFO [Kafka Request Handler on Broker 0], shut down completely (kafka.server.KafkaRequestHandlerPool)
[2015-06-18 15:01:08,037] INFO [Replica Manager on Broker 0]: Shutting down (kafka.server.ReplicaManager)
[2015-06-18 15:01:08,038] INFO [ReplicaFetcherManager on broker 0] shutting down (kafka.server.ReplicaFetcherManager)
[2015-06-18 15:01:08,039] INFO [ReplicaFetcherManager on broker 0] shutdown completed (kafka.server.ReplicaFetcherManager)
[2015-06-18 15:01:08,039] INFO [ExpirationReaper-0], Shutting down (kafka.server.DelayedOperationPurgatory$ExpiredOperationReaper)
[2015-06-18 15:01:08,068] INFO [ExpirationReaper-0], Shutdown completed (kafka.server.DelayedOperationPurgatory$ExpiredOperationReaper)
[2015-06-18 15:01:08,068] INFO [ExpirationReaper-0], Stopped  (kafka.server.DelayedOperationPurgatory$ExpiredOperationReaper)
[2015-06-18 15:01:08,068] INFO [ExpirationReaper-0], Shutting down (kafka.server.DelayedOperationPurgatory$ExpiredOperationReaper)
[2015-06-18 15:01:08,273] INFO [ExpirationReaper-0], Shutdown completed (kafka.server.DelayedOperationPurgatory$ExpiredOperationReaper)
[2015-06-18 15:01:08,273] INFO [ExpirationReaper-0], Stopped  (kafka.server.DelayedOperationPurgatory$ExpiredOperationReaper)
[2015-06-18 15:01:08,279] INFO [Replica Manager on Broker 0]: Shut down completely (kafka.server.ReplicaManager)
[2015-06-18 15:01:08,280] INFO Shutting down. (kafka.log.LogManager)
[2015-06-18 15:01:08,304] INFO Shutdown complete. (kafka.log.LogManager)
[2015-06-18 15:01:08,304] INFO [ConsumerCoordinator 0]: Shutting down. (kafka.coordinator.ConsumerCoordinator)
[2015-06-18 15:01:08,305] INFO [ExpirationReaper-0], Shutting down (kafka.server.DelayedOperationPurgatory$ExpiredOperationReaper)
[2015-06-18 15:01:08,340] INFO [ExpirationReaper-0], Shutdown completed (kafka.server.DelayedOperationPurgatory$ExpiredOperationReaper)
[2015-06-18 15:01:08,340] INFO [ExpirationReaper-0], Stopped  (kafka.server.DelayedOperationPurgatory$ExpiredOperationReaper)
[2015-06-18 15:01:08,340] INFO [ExpirationReaper-0], Shutting down (kafka.server.DelayedOperationPurgatory$ExpiredOperationReaper)
[2015-06-18 15:01:08,375] INFO [ExpirationReaper-0], Stopped  (kafka.server.DelayedOperationPurgatory$ExpiredOperationReaper)
[2015-06-18 15:01:08,375] INFO [ExpirationReaper-0], Shutdown completed (kafka.server.DelayedOperationPurgatory$ExpiredOperationReaper)
[2015-06-18 15:01:08,376] INFO [ConsumerCoordinator 0]: Shutdown complete. (kafka.coordinator.ConsumerCoordinator)
[2015-06-18 15:01:08,388] INFO [Kafka Server 0], shut down completed (kafka.server.KafkaServer)
